2024-11-16 20:05:13.882 [info] [main] Log level: Info
2024-11-16 20:05:13.882 [info] [main] Validating found git in: "git"
2024-11-16 20:05:13.882 [info] [main] Using git "2.34.1" from "git"
2024-11-16 20:05:13.882 [info] [Model][doInitialScan] Initial repository scan started
2024-11-16 20:05:13.882 [info] > git rev-parse --show-toplevel [10ms]
2024-11-16 20:05:13.883 [info] > git rev-parse --git-dir --git-common-dir [3ms]
2024-11-16 20:05:13.900 [info] [Model][openRepository] Opened repository: /home/florez
2024-11-16 20:05:13.908 [info] [Model][doInitialScan] Initial repository scan completed - repositories (1), closed repositories (0), parent repositories (0), unsafe repositories (0)
2024-11-16 20:05:13.952 [info] > git config --get commit.template [39ms]
2024-11-16 20:05:13.956 [info] [Git][getRemotes] No remotes found in the git config file
2024-11-16 20:05:13.959 [info] > git for-each-ref --format=%(refname)%00%(upstream:short)%00%(objectname)%00%(upstream:track)%00%(upstream:remotename)%00%(upstream:remoteref) refs/heads/master refs/remotes/master [4ms]
2024-11-16 20:05:13.960 [warning] [Git][getBranch] No such branch: master
2024-11-16 20:05:13.971 [info] > git for-each-ref --sort -committerdate --format %(refname) %(objectname) %(*objectname) [3ms]
2024-11-16 20:05:14.293 [info] > git show --textconv :scripts_util/Dect_CytBADN.py [9ms]
2024-11-16 20:05:14.294 [info] > git ls-files --stage -- /home/florez/scripts_util/Dect_CytBADN.py [3ms]
2024-11-16 20:05:14.423 [info] > git check-ignore -v -z --stdin [1ms]
2024-11-16 20:05:14.465 [info] > git status -z -uall [502ms]
2024-11-16 20:05:14.558 [info] > git for-each-ref --format=%(refname)%00%(upstream:short)%00%(objectname)%00%(upstream:track)%00%(upstream:remotename)%00%(upstream:remoteref) refs/heads/master refs/remotes/master [17ms]
2024-11-16 20:05:14.558 [warning] [Git][getBranch] No such branch: master
2024-11-16 20:05:14.559 [error] [GitHistoryProvider][resolveHEADMergeBase] Failed to resolve merge base for master: Error: No such branch: master.
2024-11-16 20:05:14.561 [info] > git config --get commit.template [13ms]
2024-11-16 20:05:14.579 [info] [Git][getRemotes] No remotes found in the git config file
2024-11-16 20:05:14.581 [info] > git for-each-ref --format=%(refname)%00%(upstream:short)%00%(objectname)%00%(upstream:track)%00%(upstream:remotename)%00%(upstream:remoteref) refs/heads/master refs/remotes/master [3ms]
2024-11-16 20:05:14.581 [warning] [Git][getBranch] No such branch: master
2024-11-16 20:05:15.141 [info] > git status -z -uall [558ms]
2024-11-16 20:05:15.142 [info] > git for-each-ref --sort -committerdate --format %(refname) %(objectname) %(*objectname) [556ms]
2024-11-16 20:05:16.845 [info] [Git][getRemotes] No remotes found in the git config file
2024-11-16 20:05:16.846 [info] > git config --get commit.template [6ms]
2024-11-16 20:05:16.846 [info] > git for-each-ref --format=%(refname)%00%(upstream:short)%00%(objectname)%00%(upstream:track)%00%(upstream:remotename)%00%(upstream:remoteref) refs/heads/master refs/remotes/master [2ms]
2024-11-16 20:05:16.846 [warning] [Git][getBranch] No such branch: master
2024-11-16 20:05:16.852 [info] > git for-each-ref --sort -committerdate --format %(refname) %(objectname) %(*objectname) [1ms]
2024-11-16 20:05:16.868 [info] > git status -z -uall [20ms]
2024-11-16 20:05:21.911 [info] [Git][getRemotes] No remotes found in the git config file
2024-11-16 20:05:21.911 [info] > git config --get commit.template [3ms]
2024-11-16 20:05:21.912 [info] > git for-each-ref --format=%(refname)%00%(upstream:short)%00%(objectname)%00%(upstream:track)%00%(upstream:remotename)%00%(upstream:remoteref) refs/heads/master refs/remotes/master [1ms]
2024-11-16 20:05:21.912 [warning] [Git][getBranch] No such branch: master
2024-11-16 20:05:21.918 [info] > git for-each-ref --sort -committerdate --format %(refname) %(objectname) %(*objectname) [0ms]
2024-11-16 20:05:21.928 [info] > git status -z -uall [14ms]
2024-11-16 20:05:26.974 [info] [Git][getRemotes] No remotes found in the git config file
2024-11-16 20:05:26.975 [info] > git config --get commit.template [6ms]
2024-11-16 20:05:26.976 [info] > git for-each-ref --format=%(refname)%00%(upstream:short)%00%(objectname)%00%(upstream:track)%00%(upstream:remotename)%00%(upstream:remoteref) refs/heads/master refs/remotes/master [2ms]
2024-11-16 20:05:26.976 [warning] [Git][getBranch] No such branch: master
2024-11-16 20:05:26.982 [info] > git for-each-ref --sort -committerdate --format %(refname) %(objectname) %(*objectname) [1ms]
2024-11-16 20:05:26.994 [info] > git status -z -uall [16ms]
2024-11-16 20:05:32.030 [info] [Git][getRemotes] No remotes found in the git config file
2024-11-16 20:05:32.031 [info] > git config --get commit.template [5ms]
2024-11-16 20:05:32.037 [info] > git for-each-ref --format=%(refname)%00%(upstream:short)%00%(objectname)%00%(upstream:track)%00%(upstream:remotename)%00%(upstream:remoteref) refs/heads/master refs/remotes/master [7ms]
2024-11-16 20:05:32.037 [warning] [Git][getBranch] No such branch: master
2024-11-16 20:05:32.045 [info] > git for-each-ref --sort -committerdate --format %(refname) %(objectname) %(*objectname) [2ms]
2024-11-16 20:05:32.059 [info] > git status -z -uall [18ms]
2024-11-16 20:05:37.102 [info] [Git][getRemotes] No remotes found in the git config file
2024-11-16 20:05:37.103 [info] > git config --get commit.template [5ms]
2024-11-16 20:05:37.107 [info] > git for-each-ref --format=%(refname)%00%(upstream:short)%00%(objectname)%00%(upstream:track)%00%(upstream:remotename)%00%(upstream:remoteref) refs/heads/master refs/remotes/master [5ms]
2024-11-16 20:05:37.107 [warning] [Git][getBranch] No such branch: master
2024-11-16 20:05:37.112 [info] > git for-each-ref --sort -committerdate --format %(refname) %(objectname) %(*objectname) [1ms]
2024-11-16 20:05:37.123 [info] > git status -z -uall [13ms]
2024-11-16 20:05:39.869 [info] > git show --textconv :scripts_util/alineamiento.py [4ms]
2024-11-16 20:05:39.870 [info] > git ls-files --stage -- /home/florez/scripts_util/alineamiento.py [2ms]
2024-11-16 20:05:40.123 [info] > git check-ignore -v -z --stdin [2ms]
2024-11-16 20:05:42.155 [info] [Git][getRemotes] No remotes found in the git config file
2024-11-16 20:05:42.156 [info] > git config --get commit.template [3ms]
2024-11-16 20:05:42.156 [info] > git for-each-ref --format=%(refname)%00%(upstream:short)%00%(objectname)%00%(upstream:track)%00%(upstream:remotename)%00%(upstream:remoteref) refs/heads/master refs/remotes/master [1ms]
2024-11-16 20:05:42.157 [warning] [Git][getBranch] No such branch: master
2024-11-16 20:05:42.165 [info] > git for-each-ref --sort -committerdate --format %(refname) %(objectname) %(*objectname) [2ms]
2024-11-16 20:05:42.178 [info] > git status -z -uall [19ms]
2024-11-16 20:05:47.220 [info] [Git][getRemotes] No remotes found in the git config file
2024-11-16 20:05:47.221 [info] > git config --get commit.template [5ms]
2024-11-16 20:05:47.224 [info] > git for-each-ref --format=%(refname)%00%(upstream:short)%00%(objectname)%00%(upstream:track)%00%(upstream:remotename)%00%(upstream:remoteref) refs/heads/master refs/remotes/master [4ms]
2024-11-16 20:05:47.224 [warning] [Git][getBranch] No such branch: master
2024-11-16 20:05:47.232 [info] > git for-each-ref --sort -committerdate --format %(refname) %(objectname) %(*objectname) [1ms]
2024-11-16 20:05:47.245 [info] > git status -z -uall [17ms]
2024-11-16 20:06:01.368 [info] [Git][getRemotes] No remotes found in the git config file
2024-11-16 20:06:01.369 [info] > git config --get commit.template [5ms]
2024-11-16 20:06:01.370 [info] > git for-each-ref --format=%(refname)%00%(upstream:short)%00%(objectname)%00%(upstream:track)%00%(upstream:remotename)%00%(upstream:remoteref) refs/heads/master refs/remotes/master [2ms]
2024-11-16 20:06:01.370 [warning] [Git][getBranch] No such branch: master
2024-11-16 20:06:01.389 [info] > git for-each-ref --sort -committerdate --format %(refname) %(objectname) %(*objectname) [2ms]
2024-11-16 20:06:01.409 [info] > git status -z -uall [34ms]
2024-11-16 20:06:06.470 [info] [Git][getRemotes] No remotes found in the git config file
2024-11-16 20:06:06.471 [info] > git config --get commit.template [4ms]
2024-11-16 20:06:06.472 [info] > git for-each-ref --format=%(refname)%00%(upstream:short)%00%(objectname)%00%(upstream:track)%00%(upstream:remotename)%00%(upstream:remoteref) refs/heads/master refs/remotes/master [2ms]
2024-11-16 20:06:06.472 [warning] [Git][getBranch] No such branch: master
2024-11-16 20:06:06.480 [info] > git for-each-ref --sort -committerdate --format %(refname) %(objectname) %(*objectname) [1ms]
2024-11-16 20:06:06.494 [info] > git status -z -uall [20ms]
2024-11-16 20:06:11.541 [info] [Git][getRemotes] No remotes found in the git config file
2024-11-16 20:06:11.543 [info] > git config --get commit.template [4ms]
2024-11-16 20:06:11.547 [info] > git for-each-ref --format=%(refname)%00%(upstream:short)%00%(objectname)%00%(upstream:track)%00%(upstream:remotename)%00%(upstream:remoteref) refs/heads/master refs/remotes/master [6ms]
2024-11-16 20:06:11.548 [warning] [Git][getBranch] No such branch: master
2024-11-16 20:06:11.555 [info] > git for-each-ref --sort -committerdate --format %(refname) %(objectname) %(*objectname) [1ms]
2024-11-16 20:06:11.566 [info] > git status -z -uall [16ms]
2024-11-16 20:06:16.607 [info] [Git][getRemotes] No remotes found in the git config file
2024-11-16 20:06:16.608 [info] > git config --get commit.template [3ms]
2024-11-16 20:06:16.609 [info] > git for-each-ref --format=%(refname)%00%(upstream:short)%00%(objectname)%00%(upstream:track)%00%(upstream:remotename)%00%(upstream:remoteref) refs/heads/master refs/remotes/master [3ms]
2024-11-16 20:06:16.609 [warning] [Git][getBranch] No such branch: master
2024-11-16 20:06:16.617 [info] > git for-each-ref --sort -committerdate --format %(refname) %(objectname) %(*objectname) [1ms]
2024-11-16 20:06:16.632 [info] > git status -z -uall [19ms]
2024-11-16 20:06:21.686 [info] [Git][getRemotes] No remotes found in the git config file
2024-11-16 20:06:21.686 [info] > git config --get commit.template [3ms]
2024-11-16 20:06:21.687 [info] > git for-each-ref --format=%(refname)%00%(upstream:short)%00%(objectname)%00%(upstream:track)%00%(upstream:remotename)%00%(upstream:remoteref) refs/heads/master refs/remotes/master [1ms]
2024-11-16 20:06:21.687 [warning] [Git][getBranch] No such branch: master
2024-11-16 20:06:21.692 [info] > git for-each-ref --sort -committerdate --format %(refname) %(objectname) %(*objectname) [1ms]
2024-11-16 20:06:21.705 [info] > git status -z -uall [16ms]
2024-11-16 20:06:44.774 [info] > git config --get commit.template [1ms]
2024-11-16 20:06:44.778 [info] [Git][getRemotes] No remotes found in the git config file
2024-11-16 20:06:44.779 [info] > git for-each-ref --format=%(refname)%00%(upstream:short)%00%(objectname)%00%(upstream:track)%00%(upstream:remotename)%00%(upstream:remoteref) refs/heads/master refs/remotes/master [2ms]
2024-11-16 20:06:44.779 [warning] [Git][getBranch] No such branch: master
2024-11-16 20:06:44.787 [info] > git for-each-ref --sort -committerdate --format %(refname) %(objectname) %(*objectname) [2ms]
2024-11-16 20:06:44.807 [info] > git status -z -uall [24ms]
2024-11-16 20:06:49.866 [info] [Git][getRemotes] No remotes found in the git config file
2024-11-16 20:06:49.868 [info] > git config --get commit.template [9ms]
2024-11-16 20:06:49.869 [info] > git for-each-ref --format=%(refname)%00%(upstream:short)%00%(objectname)%00%(upstream:track)%00%(upstream:remotename)%00%(upstream:remoteref) refs/heads/master refs/remotes/master [3ms]
2024-11-16 20:06:49.869 [warning] [Git][getBranch] No such branch: master
2024-11-16 20:06:49.881 [info] > git for-each-ref --sort -committerdate --format %(refname) %(objectname) %(*objectname) [1ms]
2024-11-16 20:06:49.896 [info] > git status -z -uall [22ms]
2024-11-16 20:06:54.934 [info] [Git][getRemotes] No remotes found in the git config file
2024-11-16 20:06:54.935 [info] > git config --get commit.template [4ms]
2024-11-16 20:06:54.959 [info] > git for-each-ref --format=%(refname)%00%(upstream:short)%00%(objectname)%00%(upstream:track)%00%(upstream:remotename)%00%(upstream:remoteref) refs/heads/master refs/remotes/master [25ms]
2024-11-16 20:06:54.959 [warning] [Git][getBranch] No such branch: master
2024-11-16 20:06:54.966 [info] > git for-each-ref --sort -committerdate --format %(refname) %(objectname) %(*objectname) [1ms]
2024-11-16 20:06:54.976 [info] > git status -z -uall [14ms]
2024-11-16 20:07:00.016 [info] [Git][getRemotes] No remotes found in the git config file
2024-11-16 20:07:00.018 [info] > git config --get commit.template [8ms]
2024-11-16 20:07:00.023 [info] > git for-each-ref --format=%(refname)%00%(upstream:short)%00%(objectname)%00%(upstream:track)%00%(upstream:remotename)%00%(upstream:remoteref) refs/heads/master refs/remotes/master [7ms]
2024-11-16 20:07:00.024 [warning] [Git][getBranch] No such branch: master
2024-11-16 20:07:00.031 [info] > git for-each-ref --sort -committerdate --format %(refname) %(objectname) %(*objectname) [1ms]
2024-11-16 20:07:00.043 [info] > git status -z -uall [17ms]
2024-11-16 20:07:05.081 [info] [Git][getRemotes] No remotes found in the git config file
2024-11-16 20:07:05.082 [info] > git config --get commit.template [3ms]
2024-11-16 20:07:05.087 [info] > git for-each-ref --format=%(refname)%00%(upstream:short)%00%(objectname)%00%(upstream:track)%00%(upstream:remotename)%00%(upstream:remoteref) refs/heads/master refs/remotes/master [6ms]
2024-11-16 20:07:05.088 [warning] [Git][getBranch] No such branch: master
2024-11-16 20:07:05.093 [info] > git for-each-ref --sort -committerdate --format %(refname) %(objectname) %(*objectname) [1ms]
2024-11-16 20:07:05.103 [info] > git status -z -uall [13ms]
2024-11-16 20:07:18.423 [info] [Git][getRemotes] No remotes found in the git config file
2024-11-16 20:07:18.424 [info] > git config --get commit.template [9ms]
2024-11-16 20:07:18.425 [info] > git for-each-ref --format=%(refname)%00%(upstream:short)%00%(objectname)%00%(upstream:track)%00%(upstream:remotename)%00%(upstream:remoteref) refs/heads/master refs/remotes/master [2ms]
2024-11-16 20:07:18.425 [warning] [Git][getBranch] No such branch: master
2024-11-16 20:07:18.439 [info] > git for-each-ref --sort -committerdate --format %(refname) %(objectname) %(*objectname) [1ms]
2024-11-16 20:07:18.485 [info] > git status -z -uall [55ms]
2024-11-16 20:07:23.544 [info] [Git][getRemotes] No remotes found in the git config file
2024-11-16 20:07:23.545 [info] > git config --get commit.template [3ms]
2024-11-16 20:07:23.550 [info] > git for-each-ref --format=%(refname)%00%(upstream:short)%00%(objectname)%00%(upstream:track)%00%(upstream:remotename)%00%(upstream:remoteref) refs/heads/master refs/remotes/master [7ms]
2024-11-16 20:07:23.550 [warning] [Git][getBranch] No such branch: master
2024-11-16 20:07:23.556 [info] > git for-each-ref --sort -committerdate --format %(refname) %(objectname) %(*objectname) [0ms]
2024-11-16 20:07:23.566 [info] > git status -z -uall [14ms]
2024-11-16 20:07:28.605 [info] [Git][getRemotes] No remotes found in the git config file
2024-11-16 20:07:28.607 [info] > git for-each-ref --format=%(refname)%00%(upstream:short)%00%(objectname)%00%(upstream:track)%00%(upstream:remotename)%00%(upstream:remoteref) refs/heads/master refs/remotes/master [2ms]
2024-11-16 20:07:28.611 [warning] [Git][getBranch] No such branch: master
2024-11-16 20:07:28.611 [info] > git config --get commit.template [8ms]
2024-11-16 20:07:28.618 [info] > git for-each-ref --sort -committerdate --format %(refname) %(objectname) %(*objectname) [2ms]
2024-11-16 20:07:28.631 [info] > git status -z -uall [18ms]
2024-11-16 20:07:33.670 [info] > git config --get commit.template [5ms]
2024-11-16 20:07:33.670 [info] [Git][getRemotes] No remotes found in the git config file
2024-11-16 20:07:33.671 [info] > git for-each-ref --format=%(refname)%00%(upstream:short)%00%(objectname)%00%(upstream:track)%00%(upstream:remotename)%00%(upstream:remoteref) refs/heads/master refs/remotes/master [2ms]
2024-11-16 20:07:33.672 [warning] [Git][getBranch] No such branch: master
2024-11-16 20:07:33.678 [info] > git for-each-ref --sort -committerdate --format %(refname) %(objectname) %(*objectname) [1ms]
2024-11-16 20:07:33.689 [info] > git status -z -uall [15ms]
2024-11-16 20:07:38.724 [info] [Git][getRemotes] No remotes found in the git config file
2024-11-16 20:07:38.725 [info] > git config --get commit.template [5ms]
2024-11-16 20:07:38.746 [info] > git for-each-ref --format=%(refname)%00%(upstream:short)%00%(objectname)%00%(upstream:track)%00%(upstream:remotename)%00%(upstream:remoteref) refs/heads/master refs/remotes/master [22ms]
2024-11-16 20:07:38.746 [warning] [Git][getBranch] No such branch: master
2024-11-16 20:07:38.753 [info] > git for-each-ref --sort -committerdate --format %(refname) %(objectname) %(*objectname) [2ms]
2024-11-16 20:07:38.774 [info] > git status -z -uall [25ms]
2024-11-16 20:07:43.841 [info] [Git][getRemotes] No remotes found in the git config file
2024-11-16 20:07:43.843 [info] > git config --get commit.template [8ms]
2024-11-16 20:07:43.843 [info] > git for-each-ref --format=%(refname)%00%(upstream:short)%00%(objectname)%00%(upstream:track)%00%(upstream:remotename)%00%(upstream:remoteref) refs/heads/master refs/remotes/master [2ms]
2024-11-16 20:07:43.843 [warning] [Git][getBranch] No such branch: master
2024-11-16 20:07:43.852 [info] > git for-each-ref --sort -committerdate --format %(refname) %(objectname) %(*objectname) [2ms]
2024-11-16 20:07:43.864 [info] > git status -z -uall [17ms]
2024-11-16 20:07:48.911 [info] [Git][getRemotes] No remotes found in the git config file
2024-11-16 20:07:48.913 [info] > git config --get commit.template [7ms]
2024-11-16 20:07:48.914 [info] > git for-each-ref --format=%(refname)%00%(upstream:short)%00%(objectname)%00%(upstream:track)%00%(upstream:remotename)%00%(upstream:remoteref) refs/heads/master refs/remotes/master [2ms]
2024-11-16 20:07:48.914 [warning] [Git][getBranch] No such branch: master
2024-11-16 20:07:48.921 [info] > git for-each-ref --sort -committerdate --format %(refname) %(objectname) %(*objectname) [2ms]
2024-11-16 20:07:48.934 [info] > git status -z -uall [17ms]
2024-11-16 20:07:53.977 [info] [Git][getRemotes] No remotes found in the git config file
2024-11-16 20:07:53.977 [info] > git config --get commit.template [3ms]
2024-11-16 20:07:53.982 [info] > git for-each-ref --format=%(refname)%00%(upstream:short)%00%(objectname)%00%(upstream:track)%00%(upstream:remotename)%00%(upstream:remoteref) refs/heads/master refs/remotes/master [6ms]
2024-11-16 20:07:53.982 [warning] [Git][getBranch] No such branch: master
2024-11-16 20:07:53.987 [info] > git for-each-ref --sort -committerdate --format %(refname) %(objectname) %(*objectname) [1ms]
2024-11-16 20:07:54.000 [info] > git status -z -uall [16ms]
2024-11-16 20:11:04.143 [info] > git config --get commit.template [19ms]
2024-11-16 20:11:04.155 [info] [Git][getRemotes] No remotes found in the git config file
2024-11-16 20:11:04.156 [info] > git for-each-ref --format=%(refname)%00%(upstream:short)%00%(objectname)%00%(upstream:track)%00%(upstream:remotename)%00%(upstream:remoteref) refs/heads/master refs/remotes/master [2ms]
2024-11-16 20:11:04.157 [warning] [Git][getBranch] No such branch: master
2024-11-16 20:11:04.176 [info] > git for-each-ref --sort -committerdate --format %(refname) %(objectname) %(*objectname) [2ms]
2024-11-16 20:11:04.219 [info] > git status -z -uall [56ms]
2024-11-16 20:11:12.667 [info] > git config --get commit.template [2ms]
2024-11-16 20:11:12.674 [info] [Git][getRemotes] No remotes found in the git config file
2024-11-16 20:11:12.676 [info] > git for-each-ref --format=%(refname)%00%(upstream:short)%00%(objectname)%00%(upstream:track)%00%(upstream:remotename)%00%(upstream:remoteref) refs/heads/master refs/remotes/master [2ms]
2024-11-16 20:11:12.676 [warning] [Git][getBranch] No such branch: master
2024-11-16 20:11:12.687 [info] > git for-each-ref --sort -committerdate --format %(refname) %(objectname) %(*objectname) [2ms]
2024-11-16 20:11:12.709 [info] > git status -z -uall [29ms]
2024-11-16 20:11:17.795 [info] [Git][getRemotes] No remotes found in the git config file
2024-11-16 20:11:17.796 [info] > git config --get commit.template [9ms]
2024-11-16 20:11:17.797 [info] > git for-each-ref --format=%(refname)%00%(upstream:short)%00%(objectname)%00%(upstream:track)%00%(upstream:remotename)%00%(upstream:remoteref) refs/heads/master refs/remotes/master [3ms]
2024-11-16 20:11:17.798 [warning] [Git][getBranch] No such branch: master
2024-11-16 20:11:17.812 [info] > git for-each-ref --sort -committerdate --format %(refname) %(objectname) %(*objectname) [2ms]
2024-11-16 20:11:17.853 [info] > git status -z -uall [49ms]
2024-11-16 20:11:22.973 [info] [Git][getRemotes] No remotes found in the git config file
2024-11-16 20:11:22.974 [info] > git config --get commit.template [10ms]
2024-11-16 20:11:22.975 [info] > git for-each-ref --format=%(refname)%00%(upstream:short)%00%(objectname)%00%(upstream:track)%00%(upstream:remotename)%00%(upstream:remoteref) refs/heads/master refs/remotes/master [3ms]
2024-11-16 20:11:22.976 [warning] [Git][getBranch] No such branch: master
2024-11-16 20:11:22.992 [info] > git for-each-ref --sort -committerdate --format %(refname) %(objectname) %(*objectname) [4ms]
2024-11-16 20:11:23.030 [info] > git status -z -uall [48ms]
2024-11-16 20:11:28.158 [info] [Git][getRemotes] No remotes found in the git config file
2024-11-16 20:11:28.160 [info] > git config --get commit.template [12ms]
2024-11-16 20:11:28.162 [info] > git for-each-ref --format=%(refname)%00%(upstream:short)%00%(objectname)%00%(upstream:track)%00%(upstream:remotename)%00%(upstream:remoteref) refs/heads/master refs/remotes/master [4ms]
2024-11-16 20:11:28.163 [warning] [Git][getBranch] No such branch: master
2024-11-16 20:11:28.182 [info] > git for-each-ref --sort -committerdate --format %(refname) %(objectname) %(*objectname) [4ms]
2024-11-16 20:11:28.236 [info] > git status -z -uall [66ms]
2024-11-16 20:11:32.887 [info] > git show --textconv :scripts_util/Algorit_Needleman.py [8ms]
2024-11-16 20:11:32.891 [info] > git ls-files --stage -- /home/florez/scripts_util/Algorit_Needleman.py [6ms]
2024-11-16 20:11:33.011 [info] > git check-ignore -v -z --stdin [4ms]
2024-11-16 20:11:33.364 [info] [Git][getRemotes] No remotes found in the git config file
2024-11-16 20:11:33.366 [info] > git config --get commit.template [16ms]
2024-11-16 20:11:33.368 [info] > git for-each-ref --format=%(refname)%00%(upstream:short)%00%(objectname)%00%(upstream:track)%00%(upstream:remotename)%00%(upstream:remoteref) refs/heads/master refs/remotes/master [4ms]
2024-11-16 20:11:33.369 [warning] [Git][getBranch] No such branch: master
2024-11-16 20:11:33.397 [info] > git for-each-ref --sort -committerdate --format %(refname) %(objectname) %(*objectname) [5ms]
2024-11-16 20:11:33.447 [info] > git status -z -uall [68ms]
2024-11-16 20:11:38.605 [info] [Git][getRemotes] No remotes found in the git config file
2024-11-16 20:11:38.610 [info] > git config --get commit.template [11ms]
2024-11-16 20:11:38.613 [info] > git for-each-ref --format=%(refname)%00%(upstream:short)%00%(objectname)%00%(upstream:track)%00%(upstream:remotename)%00%(upstream:remoteref) refs/heads/master refs/remotes/master [8ms]
2024-11-16 20:11:38.613 [warning] [Git][getBranch] No such branch: master
2024-11-16 20:11:38.631 [info] > git for-each-ref --sort -committerdate --format %(refname) %(objectname) %(*objectname) [4ms]
2024-11-16 20:11:38.666 [info] > git status -z -uall [46ms]
2024-11-16 20:11:43.723 [info] [Git][getRemotes] No remotes found in the git config file
2024-11-16 20:11:43.725 [info] > git config --get commit.template [8ms]
2024-11-16 20:11:43.731 [info] > git for-each-ref --format=%(refname)%00%(upstream:short)%00%(objectname)%00%(upstream:track)%00%(upstream:remotename)%00%(upstream:remoteref) refs/heads/master refs/remotes/master [7ms]
2024-11-16 20:11:43.731 [warning] [Git][getBranch] No such branch: master
2024-11-16 20:11:43.745 [info] > git for-each-ref --sort -committerdate --format %(refname) %(objectname) %(*objectname) [3ms]
2024-11-16 20:11:43.782 [info] > git status -z -uall [46ms]
2024-11-16 20:11:48.894 [info] [Git][getRemotes] No remotes found in the git config file
2024-11-16 20:11:48.897 [info] > git config --get commit.template [12ms]
2024-11-16 20:11:48.901 [info] > git for-each-ref --format=%(refname)%00%(upstream:short)%00%(objectname)%00%(upstream:track)%00%(upstream:remotename)%00%(upstream:remoteref) refs/heads/master refs/remotes/master [7ms]
2024-11-16 20:11:48.902 [warning] [Git][getBranch] No such branch: master
2024-11-16 20:11:48.923 [info] > git for-each-ref --sort -committerdate --format %(refname) %(objectname) %(*objectname) [6ms]
2024-11-16 20:11:48.980 [info] > git status -z -uall [70ms]
2024-11-16 20:11:54.119 [info] [Git][getRemotes] No remotes found in the git config file
2024-11-16 20:11:54.121 [info] > git config --get commit.template [9ms]
2024-11-16 20:11:54.122 [info] > git for-each-ref --format=%(refname)%00%(upstream:short)%00%(objectname)%00%(upstream:track)%00%(upstream:remotename)%00%(upstream:remoteref) refs/heads/master refs/remotes/master [3ms]
2024-11-16 20:11:54.122 [warning] [Git][getBranch] No such branch: master
2024-11-16 20:11:54.139 [info] > git for-each-ref --sort -committerdate --format %(refname) %(objectname) %(*objectname) [4ms]
2024-11-16 20:11:54.182 [info] > git status -z -uall [53ms]
2024-11-16 20:12:00.252 [info] [Git][getRemotes] No remotes found in the git config file
2024-11-16 20:12:00.253 [info] > git config --get commit.template [8ms]
2024-11-16 20:12:00.253 [info] > git for-each-ref --format=%(refname)%00%(upstream:short)%00%(objectname)%00%(upstream:track)%00%(upstream:remotename)%00%(upstream:remoteref) refs/heads/master refs/remotes/master [2ms]
2024-11-16 20:12:00.254 [warning] [Git][getBranch] No such branch: master
2024-11-16 20:12:00.267 [info] > git for-each-ref --sort -committerdate --format %(refname) %(objectname) %(*objectname) [3ms]
2024-11-16 20:12:00.288 [info] > git status -z -uall [30ms]
2024-11-16 20:12:05.364 [info] [Git][getRemotes] No remotes found in the git config file
2024-11-16 20:12:05.366 [info] > git config --get commit.template [9ms]
2024-11-16 20:12:05.372 [info] > git for-each-ref --format=%(refname)%00%(upstream:short)%00%(objectname)%00%(upstream:track)%00%(upstream:remotename)%00%(upstream:remoteref) refs/heads/master refs/remotes/master [8ms]
2024-11-16 20:12:05.372 [warning] [Git][getBranch] No such branch: master
2024-11-16 20:12:05.391 [info] > git for-each-ref --sort -committerdate --format %(refname) %(objectname) %(*objectname) [4ms]
2024-11-16 20:12:05.427 [info] > git status -z -uall [46ms]
2024-11-16 20:12:10.535 [info] [Git][getRemotes] No remotes found in the git config file
2024-11-16 20:12:10.536 [info] > git config --get commit.template [9ms]
2024-11-16 20:12:10.542 [info] > git for-each-ref --format=%(refname)%00%(upstream:short)%00%(objectname)%00%(upstream:track)%00%(upstream:remotename)%00%(upstream:remoteref) refs/heads/master refs/remotes/master [8ms]
2024-11-16 20:12:10.542 [warning] [Git][getBranch] No such branch: master
2024-11-16 20:12:10.557 [info] > git for-each-ref --sort -committerdate --format %(refname) %(objectname) %(*objectname) [2ms]
2024-11-16 20:12:10.592 [info] > git status -z -uall [43ms]
2024-11-16 20:12:15.706 [info] [Git][getRemotes] No remotes found in the git config file
2024-11-16 20:12:15.708 [info] > git config --get commit.template [11ms]
2024-11-16 20:12:15.714 [info] > git for-each-ref --format=%(refname)%00%(upstream:short)%00%(objectname)%00%(upstream:track)%00%(upstream:remotename)%00%(upstream:remoteref) refs/heads/master refs/remotes/master [8ms]
2024-11-16 20:12:15.714 [warning] [Git][getBranch] No such branch: master
2024-11-16 20:12:15.730 [info] > git for-each-ref --sort -committerdate --format %(refname) %(objectname) %(*objectname) [4ms]
2024-11-16 20:12:15.767 [info] > git status -z -uall [47ms]
2024-11-16 20:12:20.880 [info] [Git][getRemotes] No remotes found in the git config file
2024-11-16 20:12:20.881 [info] > git config --get commit.template [9ms]
2024-11-16 20:12:20.888 [info] > git for-each-ref --format=%(refname)%00%(upstream:short)%00%(objectname)%00%(upstream:track)%00%(upstream:remotename)%00%(upstream:remoteref) refs/heads/master refs/remotes/master [8ms]
2024-11-16 20:12:20.888 [warning] [Git][getBranch] No such branch: master
2024-11-16 20:12:20.903 [info] > git for-each-ref --sort -committerdate --format %(refname) %(objectname) %(*objectname) [3ms]
2024-11-16 20:12:20.948 [info] > git status -z -uall [54ms]
2024-11-16 20:12:26.082 [info] [Git][getRemotes] No remotes found in the git config file
2024-11-16 20:12:26.084 [info] > git config --get commit.template [10ms]
2024-11-16 20:12:26.085 [info] > git for-each-ref --format=%(refname)%00%(upstream:short)%00%(objectname)%00%(upstream:track)%00%(upstream:remotename)%00%(upstream:remoteref) refs/heads/master refs/remotes/master [4ms]
2024-11-16 20:12:26.085 [warning] [Git][getBranch] No such branch: master
2024-11-16 20:12:26.103 [info] > git for-each-ref --sort -committerdate --format %(refname) %(objectname) %(*objectname) [3ms]
2024-11-16 20:12:26.141 [info] > git status -z -uall [48ms]
2024-11-16 20:12:31.260 [info] [Git][getRemotes] No remotes found in the git config file
2024-11-16 20:12:31.261 [info] > git config --get commit.template [10ms]
2024-11-16 20:12:31.268 [info] > git for-each-ref --format=%(refname)%00%(upstream:short)%00%(objectname)%00%(upstream:track)%00%(upstream:remotename)%00%(upstream:remoteref) refs/heads/master refs/remotes/master [8ms]
2024-11-16 20:12:31.268 [warning] [Git][getBranch] No such branch: master
2024-11-16 20:12:31.290 [info] > git for-each-ref --sort -committerdate --format %(refname) %(objectname) %(*objectname) [3ms]
2024-11-16 20:12:31.321 [info] > git status -z -uall [44ms]
2024-11-16 20:12:36.423 [info] [Git][getRemotes] No remotes found in the git config file
2024-11-16 20:12:36.425 [info] > git config --get commit.template [12ms]
2024-11-16 20:12:36.428 [info] > git for-each-ref --format=%(refname)%00%(upstream:short)%00%(objectname)%00%(upstream:track)%00%(upstream:remotename)%00%(upstream:remoteref) refs/heads/master refs/remotes/master [5ms]
2024-11-16 20:12:36.428 [warning] [Git][getBranch] No such branch: master
2024-11-16 20:12:36.454 [info] > git for-each-ref --sort -committerdate --format %(refname) %(objectname) %(*objectname) [6ms]
2024-11-16 20:12:36.495 [info] > git status -z -uall [59ms]
2024-11-16 20:12:41.615 [info] [Git][getRemotes] No remotes found in the git config file
2024-11-16 20:12:41.618 [info] > git config --get commit.template [8ms]
2024-11-16 20:12:41.622 [info] > git for-each-ref --format=%(refname)%00%(upstream:short)%00%(objectname)%00%(upstream:track)%00%(upstream:remotename)%00%(upstream:remoteref) refs/heads/master refs/remotes/master [7ms]
2024-11-16 20:12:41.622 [warning] [Git][getBranch] No such branch: master
2024-11-16 20:12:41.637 [info] > git for-each-ref --sort -committerdate --format %(refname) %(objectname) %(*objectname) [3ms]
2024-11-16 20:12:41.673 [info] > git status -z -uall [45ms]
2024-11-16 20:12:46.786 [info] [Git][getRemotes] No remotes found in the git config file
2024-11-16 20:12:46.787 [info] > git config --get commit.template [8ms]
2024-11-16 20:12:46.793 [info] > git for-each-ref --format=%(refname)%00%(upstream:short)%00%(objectname)%00%(upstream:track)%00%(upstream:remotename)%00%(upstream:remoteref) refs/heads/master refs/remotes/master [8ms]
2024-11-16 20:12:46.793 [warning] [Git][getBranch] No such branch: master
2024-11-16 20:12:46.808 [info] > git for-each-ref --sort -committerdate --format %(refname) %(objectname) %(*objectname) [4ms]
2024-11-16 20:12:46.849 [info] > git status -z -uall [51ms]
2024-11-16 20:12:51.968 [info] [Git][getRemotes] No remotes found in the git config file
2024-11-16 20:12:51.970 [info] > git config --get commit.template [11ms]
2024-11-16 20:12:51.976 [info] > git for-each-ref --format=%(refname)%00%(upstream:short)%00%(objectname)%00%(upstream:track)%00%(upstream:remotename)%00%(upstream:remoteref) refs/heads/master refs/remotes/master [8ms]
2024-11-16 20:12:51.976 [warning] [Git][getBranch] No such branch: master
2024-11-16 20:12:51.996 [info] > git for-each-ref --sort -committerdate --format %(refname) %(objectname) %(*objectname) [3ms]
2024-11-16 20:12:52.054 [info] > git status -z -uall [69ms]
2024-11-16 20:12:57.205 [info] [Git][getRemotes] No remotes found in the git config file
2024-11-16 20:12:57.208 [info] > git config --get commit.template [12ms]
2024-11-16 20:12:57.212 [info] > git for-each-ref --format=%(refname)%00%(upstream:short)%00%(objectname)%00%(upstream:track)%00%(upstream:remotename)%00%(upstream:remoteref) refs/heads/master refs/remotes/master [8ms]
2024-11-16 20:12:57.212 [warning] [Git][getBranch] No such branch: master
2024-11-16 20:12:57.235 [info] > git for-each-ref --sort -committerdate --format %(refname) %(objectname) %(*objectname) [10ms]
2024-11-16 20:12:57.276 [info] > git status -z -uall [56ms]
2024-11-16 20:13:02.374 [info] [Git][getRemotes] No remotes found in the git config file
2024-11-16 20:13:02.381 [info] > git config --get commit.template [9ms]
2024-11-16 20:13:02.383 [info] > git for-each-ref --format=%(refname)%00%(upstream:short)%00%(objectname)%00%(upstream:track)%00%(upstream:remotename)%00%(upstream:remoteref) refs/heads/master refs/remotes/master [3ms]
2024-11-16 20:13:02.383 [warning] [Git][getBranch] No such branch: master
2024-11-16 20:13:02.397 [info] > git for-each-ref --sort -committerdate --format %(refname) %(objectname) %(*objectname) [3ms]
2024-11-16 20:13:02.433 [info] > git status -z -uall [45ms]
2024-11-16 20:13:07.537 [info] [Git][getRemotes] No remotes found in the git config file
2024-11-16 20:13:07.540 [info] > git config --get commit.template [11ms]
2024-11-16 20:13:07.544 [info] > git for-each-ref --format=%(refname)%00%(upstream:short)%00%(objectname)%00%(upstream:track)%00%(upstream:remotename)%00%(upstream:remoteref) refs/heads/master refs/remotes/master [7ms]
2024-11-16 20:13:07.545 [warning] [Git][getBranch] No such branch: master
2024-11-16 20:13:07.561 [info] > git for-each-ref --sort -committerdate --format %(refname) %(objectname) %(*objectname) [4ms]
2024-11-16 20:13:07.596 [info] > git status -z -uall [45ms]
2024-11-16 20:13:12.704 [info] [Git][getRemotes] No remotes found in the git config file
2024-11-16 20:13:12.710 [info] > git for-each-ref --format=%(refname)%00%(upstream:short)%00%(objectname)%00%(upstream:track)%00%(upstream:remotename)%00%(upstream:remoteref) refs/heads/master refs/remotes/master [7ms]
2024-11-16 20:13:12.711 [warning] [Git][getBranch] No such branch: master
2024-11-16 20:13:12.711 [info] > git config --get commit.template [16ms]
2024-11-16 20:13:12.737 [info] > git for-each-ref --sort -committerdate --format %(refname) %(objectname) %(*objectname) [7ms]
2024-11-16 20:13:12.813 [info] > git status -z -uall [94ms]
2024-11-16 20:13:17.937 [info] [Git][getRemotes] No remotes found in the git config file
2024-11-16 20:13:17.939 [info] > git config --get commit.template [10ms]
2024-11-16 20:13:17.941 [info] > git for-each-ref --format=%(refname)%00%(upstream:short)%00%(objectname)%00%(upstream:track)%00%(upstream:remotename)%00%(upstream:remoteref) refs/heads/master refs/remotes/master [4ms]
2024-11-16 20:13:17.941 [warning] [Git][getBranch] No such branch: master
2024-11-16 20:13:17.959 [info] > git for-each-ref --sort -committerdate --format %(refname) %(objectname) %(*objectname) [4ms]
2024-11-16 20:13:18.003 [info] > git status -z -uall [56ms]
2024-11-16 20:13:23.179 [info] [Git][getRemotes] No remotes found in the git config file
2024-11-16 20:13:23.187 [info] > git config --get commit.template [9ms]
2024-11-16 20:13:23.189 [info] > git for-each-ref --format=%(refname)%00%(upstream:short)%00%(objectname)%00%(upstream:track)%00%(upstream:remotename)%00%(upstream:remoteref) refs/heads/master refs/remotes/master [4ms]
2024-11-16 20:13:23.189 [warning] [Git][getBranch] No such branch: master
2024-11-16 20:13:23.206 [info] > git for-each-ref --sort -committerdate --format %(refname) %(objectname) %(*objectname) [3ms]
2024-11-16 20:13:23.243 [info] > git status -z -uall [48ms]
2024-11-16 20:13:28.343 [info] [Git][getRemotes] No remotes found in the git config file
2024-11-16 20:13:28.345 [info] > git config --get commit.template [9ms]
2024-11-16 20:13:28.347 [info] > git for-each-ref --format=%(refname)%00%(upstream:short)%00%(objectname)%00%(upstream:track)%00%(upstream:remotename)%00%(upstream:remoteref) refs/heads/master refs/remotes/master [4ms]
2024-11-16 20:13:28.347 [warning] [Git][getBranch] No such branch: master
2024-11-16 20:13:28.364 [info] > git for-each-ref --sort -committerdate --format %(refname) %(objectname) %(*objectname) [4ms]
2024-11-16 20:13:28.405 [info] > git status -z -uall [52ms]
2024-11-16 20:13:33.516 [info] [Git][getRemotes] No remotes found in the git config file
2024-11-16 20:13:33.518 [info] > git config --get commit.template [9ms]
2024-11-16 20:13:33.519 [info] > git for-each-ref --format=%(refname)%00%(upstream:short)%00%(objectname)%00%(upstream:track)%00%(upstream:remotename)%00%(upstream:remoteref) refs/heads/master refs/remotes/master [3ms]
2024-11-16 20:13:33.520 [warning] [Git][getBranch] No such branch: master
2024-11-16 20:13:33.534 [info] > git for-each-ref --sort -committerdate --format %(refname) %(objectname) %(*objectname) [3ms]
2024-11-16 20:13:33.572 [info] > git status -z -uall [47ms]
2024-11-16 20:13:38.689 [info] [Git][getRemotes] No remotes found in the git config file
2024-11-16 20:13:38.690 [info] > git config --get commit.template [10ms]
2024-11-16 20:13:38.696 [info] > git for-each-ref --format=%(refname)%00%(upstream:short)%00%(objectname)%00%(upstream:track)%00%(upstream:remotename)%00%(upstream:remoteref) refs/heads/master refs/remotes/master [8ms]
2024-11-16 20:13:38.696 [warning] [Git][getBranch] No such branch: master
2024-11-16 20:13:38.713 [info] > git for-each-ref --sort -committerdate --format %(refname) %(objectname) %(*objectname) [4ms]
2024-11-16 20:13:38.755 [info] > git status -z -uall [52ms]
2024-11-16 20:13:43.876 [info] [Git][getRemotes] No remotes found in the git config file
2024-11-16 20:13:43.878 [info] > git config --get commit.template [8ms]
2024-11-16 20:13:43.883 [info] > git for-each-ref --format=%(refname)%00%(upstream:short)%00%(objectname)%00%(upstream:track)%00%(upstream:remotename)%00%(upstream:remoteref) refs/heads/master refs/remotes/master [7ms]
2024-11-16 20:13:43.883 [warning] [Git][getBranch] No such branch: master
2024-11-16 20:13:43.900 [info] > git for-each-ref --sort -committerdate --format %(refname) %(objectname) %(*objectname) [4ms]
2024-11-16 20:13:43.940 [info] > git status -z -uall [50ms]
2024-11-16 20:13:49.059 [info] [Git][getRemotes] No remotes found in the git config file
2024-11-16 20:13:49.061 [info] > git config --get commit.template [10ms]
2024-11-16 20:13:49.066 [info] > git for-each-ref --format=%(refname)%00%(upstream:short)%00%(objectname)%00%(upstream:track)%00%(upstream:remotename)%00%(upstream:remoteref) refs/heads/master refs/remotes/master [8ms]
2024-11-16 20:13:49.066 [warning] [Git][getBranch] No such branch: master
2024-11-16 20:13:49.082 [info] > git for-each-ref --sort -committerdate --format %(refname) %(objectname) %(*objectname) [3ms]
2024-11-16 20:13:49.122 [info] > git status -z -uall [50ms]
2024-11-16 20:13:54.224 [info] [Git][getRemotes] No remotes found in the git config file
2024-11-16 20:13:54.227 [info] > git config --get commit.template [10ms]
2024-11-16 20:13:54.232 [info] > git for-each-ref --format=%(refname)%00%(upstream:short)%00%(objectname)%00%(upstream:track)%00%(upstream:remotename)%00%(upstream:remoteref) refs/heads/master refs/remotes/master [8ms]
2024-11-16 20:13:54.232 [warning] [Git][getBranch] No such branch: master
2024-11-16 20:13:54.249 [info] > git for-each-ref --sort -committerdate --format %(refname) %(objectname) %(*objectname) [3ms]
2024-11-16 20:13:54.287 [info] > git status -z -uall [48ms]
2024-11-16 20:13:59.406 [info] [Git][getRemotes] No remotes found in the git config file
2024-11-16 20:13:59.408 [info] > git config --get commit.template [10ms]
2024-11-16 20:13:59.412 [info] > git for-each-ref --format=%(refname)%00%(upstream:short)%00%(objectname)%00%(upstream:track)%00%(upstream:remotename)%00%(upstream:remoteref) refs/heads/master refs/remotes/master [7ms]
2024-11-16 20:13:59.413 [warning] [Git][getBranch] No such branch: master
2024-11-16 20:13:59.430 [info] > git for-each-ref --sort -committerdate --format %(refname) %(objectname) %(*objectname) [4ms]
2024-11-16 20:13:59.473 [info] > git status -z -uall [54ms]
2024-11-16 20:14:04.598 [info] [Git][getRemotes] No remotes found in the git config file
2024-11-16 20:14:04.599 [info] > git config --get commit.template [4ms]
2024-11-16 20:14:04.605 [info] > git for-each-ref --format=%(refname)%00%(upstream:short)%00%(objectname)%00%(upstream:track)%00%(upstream:remotename)%00%(upstream:remoteref) refs/heads/master refs/remotes/master [7ms]
2024-11-16 20:14:04.605 [warning] [Git][getBranch] No such branch: master
2024-11-16 20:14:04.613 [info] > git for-each-ref --sort -committerdate --format %(refname) %(objectname) %(*objectname) [1ms]
2024-11-16 20:14:04.640 [info] > git status -z -uall [32ms]
2024-11-16 20:14:09.805 [info] [Git][getRemotes] No remotes found in the git config file
2024-11-16 20:14:09.807 [info] > git config --get commit.template [13ms]
2024-11-16 20:14:09.813 [info] > git for-each-ref --format=%(refname)%00%(upstream:short)%00%(objectname)%00%(upstream:track)%00%(upstream:remotename)%00%(upstream:remoteref) refs/heads/master refs/remotes/master [8ms]
2024-11-16 20:14:09.814 [warning] [Git][getBranch] No such branch: master
2024-11-16 20:14:09.834 [info] > git for-each-ref --sort -committerdate --format %(refname) %(objectname) %(*objectname) [5ms]
2024-11-16 20:14:09.889 [info] > git status -z -uall [68ms]
2024-11-16 20:14:15.025 [info] [Git][getRemotes] No remotes found in the git config file
2024-11-16 20:14:15.027 [info] > git config --get commit.template [9ms]
2024-11-16 20:14:15.032 [info] > git for-each-ref --format=%(refname)%00%(upstream:short)%00%(objectname)%00%(upstream:track)%00%(upstream:remotename)%00%(upstream:remoteref) refs/heads/master refs/remotes/master [8ms]
2024-11-16 20:14:15.032 [warning] [Git][getBranch] No such branch: master
2024-11-16 20:14:15.048 [info] > git for-each-ref --sort -committerdate --format %(refname) %(objectname) %(*objectname) [3ms]
2024-11-16 20:14:15.090 [info] > git status -z -uall [51ms]
2024-11-16 20:31:52.359 [info] [Git][getRemotes] No remotes found in the git config file
2024-11-16 20:31:52.371 [info] > git config --get commit.template [16ms]
2024-11-16 20:31:52.373 [info] > git for-each-ref --format=%(refname)%00%(upstream:short)%00%(objectname)%00%(upstream:track)%00%(upstream:remotename)%00%(upstream:remoteref) refs/heads/master refs/remotes/master [14ms]
2024-11-16 20:31:52.373 [warning] [Git][getBranch] No such branch: master
2024-11-16 20:31:52.377 [info] > git for-each-ref --sort -committerdate --format %(refname) %(objectname) %(*objectname) [1ms]
2024-11-16 20:31:52.678 [info] > git status -z -uall [304ms]
2024-11-16 20:31:57.735 [info] [Git][getRemotes] No remotes found in the git config file
2024-11-16 20:31:57.736 [info] > git config --get commit.template [3ms]
2024-11-16 20:31:57.746 [info] > git for-each-ref --format=%(refname)%00%(upstream:short)%00%(objectname)%00%(upstream:track)%00%(upstream:remotename)%00%(upstream:remoteref) refs/heads/master refs/remotes/master [11ms]
2024-11-16 20:31:57.746 [warning] [Git][getBranch] No such branch: master
2024-11-16 20:31:57.751 [info] > git for-each-ref --sort -committerdate --format %(refname) %(objectname) %(*objectname) [1ms]
2024-11-16 20:31:57.761 [info] > git status -z -uall [13ms]
2024-11-16 20:32:02.807 [info] [Git][getRemotes] No remotes found in the git config file
2024-11-16 20:32:02.809 [info] > git config --get commit.template [8ms]
2024-11-16 20:32:02.814 [info] > git for-each-ref --format=%(refname)%00%(upstream:short)%00%(objectname)%00%(upstream:track)%00%(upstream:remotename)%00%(upstream:remoteref) refs/heads/master refs/remotes/master [7ms]
2024-11-16 20:32:02.814 [warning] [Git][getBranch] No such branch: master
2024-11-16 20:32:02.823 [info] > git for-each-ref --sort -committerdate --format %(refname) %(objectname) %(*objectname) [2ms]
2024-11-16 20:32:02.838 [info] > git status -z -uall [20ms]
2024-11-16 20:32:07.873 [info] > git config --get commit.template [3ms]
2024-11-16 20:32:07.873 [info] [Git][getRemotes] No remotes found in the git config file
2024-11-16 20:32:07.879 [info] > git for-each-ref --format=%(refname)%00%(upstream:short)%00%(objectname)%00%(upstream:track)%00%(upstream:remotename)%00%(upstream:remoteref) refs/heads/master refs/remotes/master [6ms]
2024-11-16 20:32:07.879 [warning] [Git][getBranch] No such branch: master
2024-11-16 20:32:07.889 [info] > git for-each-ref --sort -committerdate --format %(refname) %(objectname) %(*objectname) [2ms]
2024-11-16 20:32:07.901 [info] > git status -z -uall [19ms]
2024-11-16 20:32:12.934 [info] [Git][getRemotes] No remotes found in the git config file
2024-11-16 20:32:12.934 [info] > git config --get commit.template [3ms]
2024-11-16 20:32:12.939 [info] > git for-each-ref --format=%(refname)%00%(upstream:short)%00%(objectname)%00%(upstream:track)%00%(upstream:remotename)%00%(upstream:remoteref) refs/heads/master refs/remotes/master [6ms]
2024-11-16 20:32:12.940 [warning] [Git][getBranch] No such branch: master
2024-11-16 20:32:12.944 [info] > git for-each-ref --sort -committerdate --format %(refname) %(objectname) %(*objectname) [1ms]
2024-11-16 20:32:12.953 [info] > git status -z -uall [11ms]
2024-11-16 20:32:17.996 [info] [Git][getRemotes] No remotes found in the git config file
2024-11-16 20:32:17.997 [info] > git config --get commit.template [11ms]
2024-11-16 20:32:18.003 [info] > git for-each-ref --format=%(refname)%00%(upstream:short)%00%(objectname)%00%(upstream:track)%00%(upstream:remotename)%00%(upstream:remoteref) refs/heads/master refs/remotes/master [7ms]
2024-11-16 20:32:18.003 [warning] [Git][getBranch] No such branch: master
2024-11-16 20:32:18.010 [info] > git for-each-ref --sort -committerdate --format %(refname) %(objectname) %(*objectname) [1ms]
2024-11-16 20:32:18.023 [info] > git status -z -uall [17ms]
2024-11-16 20:32:23.060 [info] [Git][getRemotes] No remotes found in the git config file
2024-11-16 20:32:23.061 [info] > git config --get commit.template [4ms]
2024-11-16 20:32:23.066 [info] > git for-each-ref --format=%(refname)%00%(upstream:short)%00%(objectname)%00%(upstream:track)%00%(upstream:remotename)%00%(upstream:remoteref) refs/heads/master refs/remotes/master [6ms]
2024-11-16 20:32:23.066 [warning] [Git][getBranch] No such branch: master
2024-11-16 20:32:23.072 [info] > git for-each-ref --sort -committerdate --format %(refname) %(objectname) %(*objectname) [1ms]
2024-11-16 20:32:23.083 [info] > git status -z -uall [14ms]
2024-11-16 20:32:28.128 [info] [Git][getRemotes] No remotes found in the git config file
2024-11-16 20:32:28.128 [info] > git config --get commit.template [7ms]
2024-11-16 20:32:28.133 [info] > git for-each-ref --format=%(refname)%00%(upstream:short)%00%(objectname)%00%(upstream:track)%00%(upstream:remotename)%00%(upstream:remoteref) refs/heads/master refs/remotes/master [6ms]
2024-11-16 20:32:28.133 [warning] [Git][getBranch] No such branch: master
2024-11-16 20:32:28.138 [info] > git for-each-ref --sort -committerdate --format %(refname) %(objectname) %(*objectname) [1ms]
2024-11-16 20:32:28.148 [info] > git status -z -uall [13ms]
2024-11-16 20:32:33.182 [info] [Git][getRemotes] No remotes found in the git config file
2024-11-16 20:32:33.183 [info] > git config --get commit.template [3ms]
2024-11-16 20:32:33.188 [info] > git for-each-ref --format=%(refname)%00%(upstream:short)%00%(objectname)%00%(upstream:track)%00%(upstream:remotename)%00%(upstream:remoteref) refs/heads/master refs/remotes/master [6ms]
2024-11-16 20:32:33.188 [warning] [Git][getBranch] No such branch: master
2024-11-16 20:32:33.193 [info] > git for-each-ref --sort -committerdate --format %(refname) %(objectname) %(*objectname) [2ms]
2024-11-16 20:32:33.203 [info] > git status -z -uall [14ms]
2024-11-16 21:08:47.210 [info] [Git][getRemotes] No remotes found in the git config file
2024-11-16 21:08:47.227 [info] > git config --get commit.template [21ms]
2024-11-16 21:08:47.228 [info] > git for-each-ref --format=%(refname)%00%(upstream:short)%00%(objectname)%00%(upstream:track)%00%(upstream:remotename)%00%(upstream:remoteref) refs/heads/master refs/remotes/master [20ms]
2024-11-16 21:08:47.228 [warning] [Git][getBranch] No such branch: master
2024-11-16 21:08:47.239 [info] > git for-each-ref --sort -committerdate --format %(refname) %(objectname) %(*objectname) [3ms]
2024-11-16 21:08:47.566 [info] > git status -z -uall [335ms]
