IQ-TREE multicore version 2.0.7 for Linux 64-bit built Jan 21 2022
Developed by Bui Quang Minh, Nguyen Lam Tung, Olga Chernomor,
Heiko Schmidt, Dominik Schrempf, Michael Woodhams.

Host:    LAPTOP-R91UQOBJ (AVX2, FMA3, 3 GB RAM)
Command: iqtree2 -s alineamientos.phy
Seed:    459149 (Using SPRNG - Scalable Parallel Random Number Generator)
Time:    Fri Nov 15 19:24:32 2024
Kernel:  AVX+FMA - 1 threads (8 CPU cores detected)

HINT: Use -nt option to specify number of threads because your CPU has 8 cores!
HINT: -nt AUTO will automatically determine the best number of threads to use.

Reading alignment file alineamientos.phy ... Phylip format detected
Alignment most likely contains DNA/RNA sequences
Alignment has 9 sequences with 10447 columns, 3609 distinct patterns
2500 parsimony-informative, 1813 singleton sites, 6134 constant sites
            Gap/Ambiguity  Composition  p-value
   1  Nanorana-p   66.37%    failed      0.00%
   2  Xenopus-la   59.67%    failed      0.00%
   3  Emydura-ma   61.33%    failed      0.00%
   4  Gallus-gal    2.24%    failed      0.05%
   5  Homo-sapie   61.34%    failed      0.00%
   6  Danio-reri   72.05%    failed      0.00%
   7  Arabidopsi   65.25%    failed      0.04%
   8  Caenorhabd   83.22%    failed      0.00%
   9  Saccharomy   74.59%    failed      0.00%
WARNING: 8 sequences contain more than 50% gaps/ambiguity
****  TOTAL        60.67%  9 sequences failed composition chi2 test (p-value<5%; df=3)


Create initial parsimony tree by phylogenetic likelihood library (PLL)... 0.004 seconds
Perform fast likelihood tree search using GTR+I+G model...
Estimate model parameters (epsilon = 5.000)
Perform nearest neighbor interchange...
Estimate model parameters (epsilon = 1.000)
1. Initial log-likelihood: -45078.844
2. Current log-likelihood: -45076.014
3. Current log-likelihood: -45073.940
4. Current log-likelihood: -45072.459
5. Current log-likelihood: -45071.354
Optimal log-likelihood: -45070.506
Rate parameters:  A-C: 1.47338  A-G: 3.31839  A-T: 0.69882  C-G: 1.31778  C-T: 3.10774  G-T: 1.00000
Base frequencies:  A: 0.288  C: 0.212  G: 0.222  T: 0.278
Proportion of invariable sites: 0.014
Gamma shape alpha: 2.597
Parameters optimization took 5 rounds (0.140 sec)
Time for fast ML tree search: 0.688 seconds

NOTE: ModelFinder requires 10 MB RAM!
ModelFinder will test up to 286 DNA models (sample size: 10447) ...
 No. Model         -LnL         df  AIC          AICc         BIC
  1  GTR+F         45211.388    23  90468.776    90468.881    90635.619
  2  GTR+F+I       45164.164    24  90376.327    90376.443    90550.425
  3  GTR+F+G4      45067.342    24  90182.683    90182.799    90356.781
  4  GTR+F+I+G4    45067.506    25  90185.012    90185.137    90366.364
  5  GTR+F+R2      45070.716    25  90191.431    90191.556    90372.783
  6  GTR+F+R3      45067.587    27  90189.173    90189.319    90385.033
 16  SYM+G4        45263.623    21  90569.245    90569.334    90721.581
 17  SYM+I+G4      45263.846    22  90571.692    90571.789    90731.281
 29  TVM+F+G4      45068.293    23  90182.586    90182.692    90349.430
 30  TVM+F+I+G4    45068.418    24  90184.837    90184.952    90358.934
 42  TVMe+G4       45266.553    20  90573.106    90573.186    90718.187
 43  TVMe+I+G4     45266.667    21  90575.335    90575.423    90727.670
 55  TIM3+F+G4     45072.599    22  90189.198    90189.295    90348.788
 56  TIM3+F+I+G4   45072.982    23  90191.964    90192.070    90358.807
 68  TIM3e+G4      45267.873    19  90573.745    90573.818    90711.573
 69  TIM3e+I+G4    45268.354    20  90576.708    90576.788    90721.789
 81  TIM2+F+G4     45109.294    22  90262.588    90262.685    90422.177
 82  TIM2+F+I+G4   45109.516    23  90265.032    90265.138    90431.876
 94  TIM2e+G4      45270.566    19  90579.132    90579.205    90716.959
 95  TIM2e+I+G4    45270.921    20  90581.843    90581.923    90726.924
107  TIM+F+G4      45100.771    22  90245.541    90245.638    90405.131
108  TIM+F+I+G4    45100.814    23  90247.629    90247.735    90414.472
120  TIMe+G4       45271.772    19  90581.545    90581.618    90719.372
121  TIMe+I+G4     45272.117    20  90584.234    90584.315    90729.316
133  TPM3u+F+G4    45073.561    21  90189.122    90189.211    90341.458
134  TPM3u+F+I+G4  45073.852    22  90191.704    90191.801    90351.294
146  TPM3+F+G4     45073.552    21  90189.105    90189.193    90341.440
147  TPM3+F+I+G4   45073.851    22  90191.702    90191.799    90351.292
159  TPM2u+F+G4    45110.806    21  90263.612    90263.701    90415.948
160  TPM2u+F+I+G4  45110.825    22  90265.651    90265.748    90425.240
172  TPM2+F+G4     45110.806    21  90263.612    90263.701    90415.948
173  TPM2+F+I+G4   45110.825    22  90265.651    90265.748    90425.240
185  K3Pu+F+G4     45102.344    21  90246.689    90246.777    90399.024
186  K3Pu+F+I+G4   45102.271    22  90248.543    90248.640    90408.132
198  K3P+G4        45275.255    18  90586.511    90586.576    90717.084
199  K3P+I+G4      45275.259    19  90588.518    90588.591    90726.345
211  TN+F+G4       45110.722    21  90263.443    90263.532    90415.779
212  TN+F+I+G4     45110.883    22  90265.765    90265.863    90425.355
224  TNe+G4        45273.700    18  90583.400    90583.465    90713.973
225  TNe+I+G4      45274.060    19  90586.120    90586.193    90723.948
237  HKY+F+G4      45112.170    20  90264.341    90264.421    90409.422
238  HKY+F+I+G4    45112.159    21  90266.317    90266.406    90418.652
250  K2P+G4        45277.166    17  90588.332    90588.391    90711.651
251  K2P+I+G4      45277.208    18  90590.417    90590.483    90720.990
263  F81+F+G4      45623.025    19  91284.050    91284.123    91421.878
264  F81+F+I+G4    45621.601    20  91283.203    91283.283    91428.284
276  JC+G4         45751.182    16  91534.365    91534.417    91650.430
277  JC+I+G4       45750.535    17  91535.071    91535.129    91658.390
Akaike Information Criterion:           TVM+F+G4
Corrected Akaike Information Criterion: TVM+F+G4
Bayesian Information Criterion:         TPM3+F+G4
Best-fit model: TPM3+F+G4 chosen according to BIC

All model information printed to alineamientos.phy.model.gz
CPU time for ModelFinder: 7.383 seconds (0h:0m:7s)
Wall-clock time for ModelFinder: 7.414 seconds (0h:0m:7s)

NOTE: 4 MB RAM (0 GB) is required!
Estimate model parameters (epsilon = 0.100)
1. Initial log-likelihood: -45073.552
Optimal log-likelihood: -45073.551
Rate parameters:  A-C: 1.71739  A-G: 3.90234  A-T: 1.00000  C-G: 1.71739  C-T: 3.90234  G-T: 1.00000
Base frequencies:  A: 0.288  C: 0.212  G: 0.222  T: 0.278
Gamma shape alpha: 2.227
Parameters optimization took 1 rounds (0.028 sec)
Computing ML distances based on estimated model parameters... 0.003 sec
Computing BIONJ tree...
0.001 seconds
Log-likelihood of BIONJ tree: -45073.552
--------------------------------------------------------------------
|             INITIALIZING CANDIDATE TREE SET                      |
--------------------------------------------------------------------
Generating 99 parsimony trees... 0.187 second
Computing log-likelihood of 86 initial trees ... 0.486 seconds
Current best score: -45073.551

Do NNI search on 20 best initial trees
Estimate model parameters (epsilon = 0.100)
BETTER TREE FOUND at iteration 1: -45073.551
Iteration 10 / LogL: -45074.403 / Time: 0h:0m:1s
Iteration 20 / LogL: -45075.685 / Time: 0h:0m:2s
Finish initializing candidate tree set (3)
Current best tree score: -45073.551 / CPU time: 2.223
Number of iterations: 20
--------------------------------------------------------------------
|               OPTIMIZING CANDIDATE TREE SET                      |
--------------------------------------------------------------------
Iteration 30 / LogL: -45080.643 / Time: 0h:0m:2s (0h:0m:6s left)
Iteration 40 / LogL: -45074.331 / Time: 0h:0m:3s (0h:0m:5s left)
Iteration 50 / LogL: -45073.619 / Time: 0h:0m:4s (0h:0m:4s left)
UPDATE BEST LOG-LIKELIHOOD: -45073.551
Iteration 60 / LogL: -45074.740 / Time: 0h:0m:5s (0h:0m:3s left)
Iteration 70 / LogL: -45074.008 / Time: 0h:0m:6s (0h:0m:2s left)
Iteration 80 / LogL: -45075.692 / Time: 0h:0m:7s (0h:0m:1s left)
Iteration 90 / LogL: -45084.524 / Time: 0h:0m:8s (0h:0m:1s left)
Iteration 100 / LogL: -45077.017 / Time: 0h:0m:9s (0h:0m:0s left)
TREE SEARCH COMPLETED AFTER 102 ITERATIONS / Time: 0h:0m:9s

--------------------------------------------------------------------
|                    FINALIZING TREE SEARCH                        |
--------------------------------------------------------------------
Performs final model parameters optimization
Estimate model parameters (epsilon = 0.010)
1. Initial log-likelihood: -45073.551
Optimal log-likelihood: -45073.551
Rate parameters:  A-C: 1.71777  A-G: 3.90272  A-T: 1.00000  C-G: 1.71777  C-T: 3.90272  G-T: 1.00000
Base frequencies:  A: 0.288  C: 0.212  G: 0.222  T: 0.278
Gamma shape alpha: 2.227
Parameters optimization took 1 rounds (0.025 sec)
BEST SCORE FOUND : -45073.551
Total tree length: 8.455

Total number of iterations: 102
CPU time used for tree search: 9.183 sec (0h:0m:9s)
Wall-clock time used for tree search: 9.244 sec (0h:0m:9s)
Total CPU time used: 9.273 sec (0h:0m:9s)
Total wall-clock time used: 9.339 sec (0h:0m:9s)

Analysis results written to: 
  IQ-TREE report:                alineamientos.phy.iqtree
  Maximum-likelihood tree:       alineamientos.phy.treefile
  Likelihood distances:          alineamientos.phy.mldist
  Screen log file:               alineamientos.phy.log

Date and Time: Fri Nov 15 19:24:49 2024
