2024-11-16 20:05:13.086 [info] Extension host with pid 8653 started
2024-11-16 20:05:13.157 [info] ExtensionService#_doActivateExtension vscode.emmet, startup: false, activationEvent: 'onLanguage'
2024-11-16 20:05:13.407 [info] ExtensionService#_doActivateExtension vscode.git-base, startup: true, activationEvent: '*', root cause: vscode.git
2024-11-16 20:05:13.439 [info] ExtensionService#_doActivateExtension vscode.git, startup: true, activationEvent: '*'
2024-11-16 20:05:13.440 [info] ExtensionService#_doActivateExtension vscode.github, startup: true, activationEvent: '*'
2024-11-16 20:05:13.822 [info] Eager extensions activated
2024-11-16 20:05:13.822 [info] ExtensionService#_doActivateExtension vscode.debug-auto-launch, startup: false, activationEvent: 'onStartupFinished'
2024-11-16 20:05:13.823 [info] ExtensionService#_doActivateExtension vscode.merge-conflict, startup: false, activationEvent: 'onStartupFinished'
2024-11-16 20:05:14.527 [warning] [Decorations] CAPPING events from decorations provider vscode.git 4091
2024-11-16 20:05:15.220 [warning] [Decorations] CAPPING events from decorations provider vscode.git 4091
2024-11-16 20:05:16.896 [warning] [Decorations] CAPPING events from decorations provider vscode.git 4091
2024-11-16 20:05:21.951 [warning] [Decorations] CAPPING events from decorations provider vscode.git 4091
2024-11-16 20:05:27.014 [warning] [Decorations] CAPPING events from decorations provider vscode.git 4085
2024-11-16 20:05:32.084 [warning] [Decorations] CAPPING events from decorations provider vscode.git 4085
2024-11-16 20:05:37.144 [warning] [Decorations] CAPPING events from decorations provider vscode.git 4085
2024-11-16 20:05:42.205 [warning] [Decorations] CAPPING events from decorations provider vscode.git 4085
2024-11-16 20:05:47.275 [warning] [Decorations] CAPPING events from decorations provider vscode.git 4085
2024-11-16 20:06:01.449 [warning] [Decorations] CAPPING events from decorations provider vscode.git 4086
2024-11-16 20:06:06.526 [warning] [Decorations] CAPPING events from decorations provider vscode.git 4086
2024-11-16 20:06:11.594 [warning] [Decorations] CAPPING events from decorations provider vscode.git 4086
2024-11-16 20:06:16.671 [warning] [Decorations] CAPPING events from decorations provider vscode.git 4086
2024-11-16 20:06:21.749 [warning] [Decorations] CAPPING events from decorations provider vscode.git 4086
2024-11-16 20:06:44.842 [warning] [Decorations] CAPPING events from decorations provider vscode.git 4086
2024-11-16 20:06:49.920 [warning] [Decorations] CAPPING events from decorations provider vscode.git 4086
2024-11-16 20:06:54.999 [warning] [Decorations] CAPPING events from decorations provider vscode.git 4086
2024-11-16 20:07:00.069 [warning] [Decorations] CAPPING events from decorations provider vscode.git 4086
2024-11-16 20:07:05.127 [warning] [Decorations] CAPPING events from decorations provider vscode.git 4086
2024-11-16 20:07:18.526 [warning] [Decorations] CAPPING events from decorations provider vscode.git 4086
2024-11-16 20:07:23.590 [warning] [Decorations] CAPPING events from decorations provider vscode.git 4086
2024-11-16 20:07:28.654 [warning] [Decorations] CAPPING events from decorations provider vscode.git 4086
2024-11-16 20:07:33.710 [warning] [Decorations] CAPPING events from decorations provider vscode.git 4086
2024-11-16 20:07:38.817 [warning] [Decorations] CAPPING events from decorations provider vscode.git 4086
2024-11-16 20:07:43.891 [warning] [Decorations] CAPPING events from decorations provider vscode.git 4086
2024-11-16 20:07:48.959 [warning] [Decorations] CAPPING events from decorations provider vscode.git 4086
2024-11-16 20:07:54.023 [warning] [Decorations] CAPPING events from decorations provider vscode.git 4086
2024-11-16 20:11:04.296 [warning] [Decorations] CAPPING events from decorations provider vscode.git 4089
2024-11-16 20:11:12.763 [warning] [Decorations] CAPPING events from decorations provider vscode.git 4088
2024-11-16 20:11:17.935 [warning] [Decorations] CAPPING events from decorations provider vscode.git 4088
2024-11-16 20:11:23.120 [warning] [Decorations] CAPPING events from decorations provider vscode.git 4088
2024-11-16 20:11:28.320 [warning] [Decorations] CAPPING events from decorations provider vscode.git 4088
2024-11-16 20:11:33.565 [warning] [Decorations] CAPPING events from decorations provider vscode.git 4088
2024-11-16 20:11:38.700 [warning] [Decorations] CAPPING events from decorations provider vscode.git 4088
2024-11-16 20:11:43.859 [warning] [Decorations] CAPPING events from decorations provider vscode.git 4088
2024-11-16 20:11:49.074 [warning] [Decorations] CAPPING events from decorations provider vscode.git 4088
2024-11-16 20:11:54.255 [warning] [Decorations] CAPPING events from decorations provider vscode.git 4088
2024-11-16 20:12:00.338 [warning] [Decorations] CAPPING events from decorations provider vscode.git 4088
2024-11-16 20:12:05.503 [warning] [Decorations] CAPPING events from decorations provider vscode.git 4088
2024-11-16 20:12:10.669 [warning] [Decorations] CAPPING events from decorations provider vscode.git 4088
2024-11-16 20:12:15.848 [warning] [Decorations] CAPPING events from decorations provider vscode.git 4088
2024-11-16 20:12:21.042 [warning] [Decorations] CAPPING events from decorations provider vscode.git 4088
2024-11-16 20:12:26.226 [warning] [Decorations] CAPPING events from decorations provider vscode.git 4088
2024-11-16 20:12:31.391 [warning] [Decorations] CAPPING events from decorations provider vscode.git 4088
2024-11-16 20:12:36.583 [warning] [Decorations] CAPPING events from decorations provider vscode.git 4088
2024-11-16 20:12:41.756 [warning] [Decorations] CAPPING events from decorations provider vscode.git 4089
2024-11-16 20:12:46.932 [warning] [Decorations] CAPPING events from decorations provider vscode.git 4089
2024-11-16 20:12:52.159 [warning] [Decorations] CAPPING events from decorations provider vscode.git 4089
2024-11-16 20:12:57.353 [warning] [Decorations] CAPPING events from decorations provider vscode.git 4089
2024-11-16 20:13:02.504 [warning] [Decorations] CAPPING events from decorations provider vscode.git 4089
2024-11-16 20:13:07.672 [warning] [Decorations] CAPPING events from decorations provider vscode.git 4089
2024-11-16 20:13:12.905 [warning] [Decorations] CAPPING events from decorations provider vscode.git 4090
2024-11-16 20:13:18.153 [warning] [Decorations] CAPPING events from decorations provider vscode.git 4089
2024-11-16 20:13:23.314 [warning] [Decorations] CAPPING events from decorations provider vscode.git 4089
2024-11-16 20:13:28.484 [warning] [Decorations] CAPPING events from decorations provider vscode.git 4089
2024-11-16 20:13:33.657 [warning] [Decorations] CAPPING events from decorations provider vscode.git 4089
2024-11-16 20:13:38.837 [warning] [Decorations] CAPPING events from decorations provider vscode.git 4089
2024-11-16 20:13:44.026 [warning] [Decorations] CAPPING events from decorations provider vscode.git 4089
2024-11-16 20:13:49.195 [warning] [Decorations] CAPPING events from decorations provider vscode.git 4089
2024-11-16 20:13:54.372 [warning] [Decorations] CAPPING events from decorations provider vscode.git 4089
2024-11-16 20:13:59.574 [warning] [Decorations] CAPPING events from decorations provider vscode.git 4089
2024-11-16 20:14:04.767 [warning] [Decorations] CAPPING events from decorations provider vscode.git 4089
2024-11-16 20:14:09.986 [warning] [Decorations] CAPPING events from decorations provider vscode.git 4089
2024-11-16 20:14:15.166 [warning] [Decorations] CAPPING events from decorations provider vscode.git 4089
2024-11-16 20:31:52.712 [warning] [Decorations] CAPPING events from decorations provider vscode.git 4091
2024-11-16 20:31:57.786 [warning] [Decorations] CAPPING events from decorations provider vscode.git 4091
2024-11-16 20:32:02.862 [warning] [Decorations] CAPPING events from decorations provider vscode.git 4091
2024-11-16 20:32:07.924 [warning] [Decorations] CAPPING events from decorations provider vscode.git 4091
2024-11-16 20:32:12.973 [warning] [Decorations] CAPPING events from decorations provider vscode.git 4091
2024-11-16 20:32:18.044 [warning] [Decorations] CAPPING events from decorations provider vscode.git 4091
2024-11-16 20:32:23.104 [warning] [Decorations] CAPPING events from decorations provider vscode.git 4091
2024-11-16 20:32:28.169 [warning] [Decorations] CAPPING events from decorations provider vscode.git 4091
2024-11-16 20:32:33.224 [warning] [Decorations] CAPPING events from decorations provider vscode.git 4091
2024-11-16 21:08:47.598 [warning] [Decorations] CAPPING events from decorations provider vscode.git 4092
2024-11-16 21:08:48.958 [info] Extension host terminating: received terminate message from renderer
2024-11-16 21:08:49.058 [error] Canceled: Canceled
	at new tT (file:///home/florez/.vscode-server/bin/e8653663e8840adaf45af01eab5c627a5af81807/out/vs/workbench/api/node/extensionHostProcess.js:31:151066)
	at py.U (file:///home/florez/.vscode-server/bin/e8653663e8840adaf45af01eab5c627a5af81807/out/vs/workbench/api/node/extensionHostProcess.js:31:155676)
	at s.<computed>.n.charCodeAt.s.<computed> (file:///home/florez/.vscode-server/bin/e8653663e8840adaf45af01eab5c627a5af81807/out/vs/workbench/api/node/extensionHostProcess.js:31:153170)
	at Y0.g (file:///home/florez/.vscode-server/bin/e8653663e8840adaf45af01eab5c627a5af81807/out/vs/workbench/api/node/extensionHostProcess.js:114:32313)
	at Y0.executeCommand (file:///home/florez/.vscode-server/bin/e8653663e8840adaf45af01eab5c627a5af81807/out/vs/workbench/api/node/extensionHostProcess.js:114:31817)
	at r.registerCommand.description (file:///home/florez/.vscode-server/bin/e8653663e8840adaf45af01eab5c627a5af81807/out/vs/workbench/api/node/extensionHostProcess.js:114:31147)
	at Y0.h (file:///home/florez/.vscode-server/bin/e8653663e8840adaf45af01eab5c627a5af81807/out/vs/workbench/api/node/extensionHostProcess.js:114:32833)
	at Y0.g (file:///home/florez/.vscode-server/bin/e8653663e8840adaf45af01eab5c627a5af81807/out/vs/workbench/api/node/extensionHostProcess.js:114:31910)
	at Y0.executeCommand (file:///home/florez/.vscode-server/bin/e8653663e8840adaf45af01eab5c627a5af81807/out/vs/workbench/api/node/extensionHostProcess.js:114:31817)
	at Object.executeCommand (file:///home/florez/.vscode-server/bin/e8653663e8840adaf45af01eab5c627a5af81807/out/vs/workbench/api/node/extensionHostProcess.js:156:37246)
	at mh.O [as value] (/home/florez/.vscode-server/bin/e8653663e8840adaf45af01eab5c627a5af81807/extensions/git/dist/main.js:2:961845)
	at P.B (file:///home/florez/.vscode-server/bin/e8653663e8840adaf45af01eab5c627a5af81807/out/vs/workbench/api/node/extensionHostProcess.js:29:746)
	at P.C (file:///home/florez/.vscode-server/bin/e8653663e8840adaf45af01eab5c627a5af81807/out/vs/workbench/api/node/extensionHostProcess.js:29:816)
	at P.fire (file:///home/florez/.vscode-server/bin/e8653663e8840adaf45af01eab5c627a5af81807/out/vs/workbench/api/node/extensionHostProcess.js:29:1033)
	at Object.p [as dispose] (/home/florez/.vscode-server/bin/e8653663e8840adaf45af01eab5c627a5af81807/extensions/git/dist/main.js:2:983333)
	at /home/florez/.vscode-server/bin/e8653663e8840adaf45af01eab5c627a5af81807/extensions/git/dist/main.js:2:989455
	at Array.forEach (<anonymous>)
	at b.dispose (/home/florez/.vscode-server/bin/e8653663e8840adaf45af01eab5c627a5af81807/extensions/git/dist/main.js:2:989441)
	at V1.<anonymous> (file:///home/florez/.vscode-server/bin/e8653663e8840adaf45af01eab5c627a5af81807/out/vs/workbench/api/node/extensionHostProcess.js:108:19994)
	at V1.dispose (file:///home/florez/.vscode-server/bin/e8653663e8840adaf45af01eab5c627a5af81807/out/vs/workbench/api/node/extensionHostProcess.js:108:20090)
	at V1.<anonymous> (/home/florez/.vscode-server/bin/e8653663e8840adaf45af01eab5c627a5af81807/extensions/git/dist/main.js:2:964255)
	at V1.dispose (file:///home/florez/.vscode-server/bin/e8653663e8840adaf45af01eab5c627a5af81807/out/vs/workbench/api/node/extensionHostProcess.js:108:20090)
	at ci (file:///home/florez/.vscode-server/bin/e8653663e8840adaf45af01eab5c627a5af81807/out/vs/workbench/api/node/extensionHostProcess.js:24:699)
	at file:///home/florez/.vscode-server/bin/e8653663e8840adaf45af01eab5c627a5af81807/out/vs/workbench/api/node/extensionHostProcess.js:118:14992
	at file:///home/florez/.vscode-server/bin/e8653663e8840adaf45af01eab5c627a5af81807/out/vs/workbench/api/node/extensionHostProcess.js:24:1009
	at Object.dispose (file:///home/florez/.vscode-server/bin/e8653663e8840adaf45af01eab5c627a5af81807/out/vs/workbench/api/node/extensionHostProcess.js:7:2146)
	at _z.eb (file:///home/florez/.vscode-server/bin/e8653663e8840adaf45af01eab5c627a5af81807/out/vs/workbench/api/node/extensionHostProcess.js:118:11919)
	at file:///home/florez/.vscode-server/bin/e8653663e8840adaf45af01eab5c627a5af81807/out/vs/workbench/api/node/extensionHostProcess.js:118:9874
	at Array.map (<anonymous>)
	at _z.$ (file:///home/florez/.vscode-server/bin/e8653663e8840adaf45af01eab5c627a5af81807/out/vs/workbench/api/node/extensionHostProcess.js:118:9862)
	at _z.terminate (file:///home/florez/.vscode-server/bin/e8653663e8840adaf45af01eab5c627a5af81807/out/vs/workbench/api/node/extensionHostProcess.js:118:10105)
	at xC.terminate (file:///home/florez/.vscode-server/bin/e8653663e8840adaf45af01eab5c627a5af81807/out/vs/workbench/api/node/extensionHostProcess.js:119:1424)
	at Zi (file:///home/florez/.vscode-server/bin/e8653663e8840adaf45af01eab5c627a5af81807/out/vs/workbench/api/node/extensionHostProcess.js:174:15063)
	at mh.value (file:///home/florez/.vscode-server/bin/e8653663e8840adaf45af01eab5c627a5af81807/out/vs/workbench/api/node/extensionHostProcess.js:174:13224)
	at P.B (file:///home/florez/.vscode-server/bin/e8653663e8840adaf45af01eab5c627a5af81807/out/vs/workbench/api/node/extensionHostProcess.js:29:746)
	at P.fire (file:///home/florez/.vscode-server/bin/e8653663e8840adaf45af01eab5c627a5af81807/out/vs/workbench/api/node/extensionHostProcess.js:29:964)
	at Vn.fire (file:///home/florez/.vscode-server/bin/e8653663e8840adaf45af01eab5c627a5af81807/out/vs/workbench/api/node/extensionHostProcess.js:31:9457)
	at Fm.A (file:///home/florez/.vscode-server/bin/e8653663e8840adaf45af01eab5c627a5af81807/out/vs/workbench/api/node/extensionHostProcess.js:31:12573)
	at mh.value (file:///home/florez/.vscode-server/bin/e8653663e8840adaf45af01eab5c627a5af81807/out/vs/workbench/api/node/extensionHostProcess.js:31:10993)
	at P.B (file:///home/florez/.vscode-server/bin/e8653663e8840adaf45af01eab5c627a5af81807/out/vs/workbench/api/node/extensionHostProcess.js:29:746)
	at P.fire (file:///home/florez/.vscode-server/bin/e8653663e8840adaf45af01eab5c627a5af81807/out/vs/workbench/api/node/extensionHostProcess.js:29:964)
	at j5.acceptChunk (file:///home/florez/.vscode-server/bin/e8653663e8840adaf45af01eab5c627a5af81807/out/vs/workbench/api/node/extensionHostProcess.js:31:7940)
	at mh.value (file:///home/florez/.vscode-server/bin/e8653663e8840adaf45af01eab5c627a5af81807/out/vs/workbench/api/node/extensionHostProcess.js:31:7226)
	at P.B (file:///home/florez/.vscode-server/bin/e8653663e8840adaf45af01eab5c627a5af81807/out/vs/workbench/api/node/extensionHostProcess.js:29:746)
	at P.fire (file:///home/florez/.vscode-server/bin/e8653663e8840adaf45af01eab5c627a5af81807/out/vs/workbench/api/node/extensionHostProcess.js:29:964)
	at V2.z (file:///home/florez/.vscode-server/bin/e8653663e8840adaf45af01eab5c627a5af81807/out/vs/workbench/api/node/extensionHostProcess.js:31:21944)
	at V2.acceptFrame (file:///home/florez/.vscode-server/bin/e8653663e8840adaf45af01eab5c627a5af81807/out/vs/workbench/api/node/extensionHostProcess.js:31:21750)
	at W2.n (file:///home/florez/.vscode-server/bin/e8653663e8840adaf45af01eab5c627a5af81807/out/vs/workbench/api/node/extensionHostProcess.js:31:20278)
	at file:///home/florez/.vscode-server/bin/e8653663e8840adaf45af01eab5c627a5af81807/out/vs/workbench/api/node/extensionHostProcess.js:31:17510
	at Socket.t (file:///home/florez/.vscode-server/bin/e8653663e8840adaf45af01eab5c627a5af81807/out/vs/workbench/api/node/extensionHostProcess.js:31:15451)
	at Socket.emit (node:events:519:28)
	at addChunk (node:internal/streams/readable:559:12)
	at readableAddChunkPushByteMode (node:internal/streams/readable:510:3)
	at Readable.push (node:internal/streams/readable:390:5)
	at TCP.onStreamRead (node:internal/stream_base_commons:191:23) setContext undefined
2024-11-16 21:08:49.079 [error] Canceled: Canceled
	at new tT (file:///home/florez/.vscode-server/bin/e8653663e8840adaf45af01eab5c627a5af81807/out/vs/workbench/api/node/extensionHostProcess.js:31:151066)
	at py.U (file:///home/florez/.vscode-server/bin/e8653663e8840adaf45af01eab5c627a5af81807/out/vs/workbench/api/node/extensionHostProcess.js:31:155676)
	at s.<computed>.n.charCodeAt.s.<computed> (file:///home/florez/.vscode-server/bin/e8653663e8840adaf45af01eab5c627a5af81807/out/vs/workbench/api/node/extensionHostProcess.js:31:153170)
	at Y0.g (file:///home/florez/.vscode-server/bin/e8653663e8840adaf45af01eab5c627a5af81807/out/vs/workbench/api/node/extensionHostProcess.js:114:32313)
	at Y0.executeCommand (file:///home/florez/.vscode-server/bin/e8653663e8840adaf45af01eab5c627a5af81807/out/vs/workbench/api/node/extensionHostProcess.js:114:31817)
	at r.registerCommand.description (file:///home/florez/.vscode-server/bin/e8653663e8840adaf45af01eab5c627a5af81807/out/vs/workbench/api/node/extensionHostProcess.js:114:31147)
	at Y0.h (file:///home/florez/.vscode-server/bin/e8653663e8840adaf45af01eab5c627a5af81807/out/vs/workbench/api/node/extensionHostProcess.js:114:32833)
	at Y0.g (file:///home/florez/.vscode-server/bin/e8653663e8840adaf45af01eab5c627a5af81807/out/vs/workbench/api/node/extensionHostProcess.js:114:31910)
	at Y0.executeCommand (file:///home/florez/.vscode-server/bin/e8653663e8840adaf45af01eab5c627a5af81807/out/vs/workbench/api/node/extensionHostProcess.js:114:31817)
	at Object.executeCommand (file:///home/florez/.vscode-server/bin/e8653663e8840adaf45af01eab5c627a5af81807/out/vs/workbench/api/node/extensionHostProcess.js:156:37246)
	at set hasGitHubRepositories [as hasGitHubRepositories] (/home/florez/.vscode-server/bin/e8653663e8840adaf45af01eab5c627a5af81807/extensions/github/dist/extension.js:2:328633)
	at /home/florez/.vscode-server/bin/e8653663e8840adaf45af01eab5c627a5af81807/extensions/github/dist/extension.js:2:329592
	at mh.value (/home/florez/.vscode-server/bin/e8653663e8840adaf45af01eab5c627a5af81807/extensions/git/dist/main.js:2:1073936)
	at P.B (file:///home/florez/.vscode-server/bin/e8653663e8840adaf45af01eab5c627a5af81807/out/vs/workbench/api/node/extensionHostProcess.js:29:746)
	at P.C (file:///home/florez/.vscode-server/bin/e8653663e8840adaf45af01eab5c627a5af81807/out/vs/workbench/api/node/extensionHostProcess.js:29:816)
	at P.fire (file:///home/florez/.vscode-server/bin/e8653663e8840adaf45af01eab5c627a5af81807/out/vs/workbench/api/node/extensionHostProcess.js:29:1033)
	at Object.p [as dispose] (/home/florez/.vscode-server/bin/e8653663e8840adaf45af01eab5c627a5af81807/extensions/git/dist/main.js:2:983333)
	at /home/florez/.vscode-server/bin/e8653663e8840adaf45af01eab5c627a5af81807/extensions/git/dist/main.js:2:989455
	at Array.forEach (<anonymous>)
	at b.dispose (/home/florez/.vscode-server/bin/e8653663e8840adaf45af01eab5c627a5af81807/extensions/git/dist/main.js:2:989441)
	at V1.<anonymous> (file:///home/florez/.vscode-server/bin/e8653663e8840adaf45af01eab5c627a5af81807/out/vs/workbench/api/node/extensionHostProcess.js:108:19994)
	at V1.dispose (file:///home/florez/.vscode-server/bin/e8653663e8840adaf45af01eab5c627a5af81807/out/vs/workbench/api/node/extensionHostProcess.js:108:20090)
	at V1.<anonymous> (/home/florez/.vscode-server/bin/e8653663e8840adaf45af01eab5c627a5af81807/extensions/git/dist/main.js:2:964255)
	at V1.dispose (file:///home/florez/.vscode-server/bin/e8653663e8840adaf45af01eab5c627a5af81807/out/vs/workbench/api/node/extensionHostProcess.js:108:20090)
	at ci (file:///home/florez/.vscode-server/bin/e8653663e8840adaf45af01eab5c627a5af81807/out/vs/workbench/api/node/extensionHostProcess.js:24:699)
	at file:///home/florez/.vscode-server/bin/e8653663e8840adaf45af01eab5c627a5af81807/out/vs/workbench/api/node/extensionHostProcess.js:118:14992
	at file:///home/florez/.vscode-server/bin/e8653663e8840adaf45af01eab5c627a5af81807/out/vs/workbench/api/node/extensionHostProcess.js:24:1009
	at Object.dispose (file:///home/florez/.vscode-server/bin/e8653663e8840adaf45af01eab5c627a5af81807/out/vs/workbench/api/node/extensionHostProcess.js:7:2146)
	at _z.eb (file:///home/florez/.vscode-server/bin/e8653663e8840adaf45af01eab5c627a5af81807/out/vs/workbench/api/node/extensionHostProcess.js:118:11919)
	at file:///home/florez/.vscode-server/bin/e8653663e8840adaf45af01eab5c627a5af81807/out/vs/workbench/api/node/extensionHostProcess.js:118:9874
	at Array.map (<anonymous>)
	at _z.$ (file:///home/florez/.vscode-server/bin/e8653663e8840adaf45af01eab5c627a5af81807/out/vs/workbench/api/node/extensionHostProcess.js:118:9862)
	at _z.terminate (file:///home/florez/.vscode-server/bin/e8653663e8840adaf45af01eab5c627a5af81807/out/vs/workbench/api/node/extensionHostProcess.js:118:10105)
	at xC.terminate (file:///home/florez/.vscode-server/bin/e8653663e8840adaf45af01eab5c627a5af81807/out/vs/workbench/api/node/extensionHostProcess.js:119:1424)
	at Zi (file:///home/florez/.vscode-server/bin/e8653663e8840adaf45af01eab5c627a5af81807/out/vs/workbench/api/node/extensionHostProcess.js:174:15063)
	at mh.value (file:///home/florez/.vscode-server/bin/e8653663e8840adaf45af01eab5c627a5af81807/out/vs/workbench/api/node/extensionHostProcess.js:174:13224)
	at P.B (file:///home/florez/.vscode-server/bin/e8653663e8840adaf45af01eab5c627a5af81807/out/vs/workbench/api/node/extensionHostProcess.js:29:746)
	at P.fire (file:///home/florez/.vscode-server/bin/e8653663e8840adaf45af01eab5c627a5af81807/out/vs/workbench/api/node/extensionHostProcess.js:29:964)
	at Vn.fire (file:///home/florez/.vscode-server/bin/e8653663e8840adaf45af01eab5c627a5af81807/out/vs/workbench/api/node/extensionHostProcess.js:31:9457)
	at Fm.A (file:///home/florez/.vscode-server/bin/e8653663e8840adaf45af01eab5c627a5af81807/out/vs/workbench/api/node/extensionHostProcess.js:31:12573)
	at mh.value (file:///home/florez/.vscode-server/bin/e8653663e8840adaf45af01eab5c627a5af81807/out/vs/workbench/api/node/extensionHostProcess.js:31:10993)
	at P.B (file:///home/florez/.vscode-server/bin/e8653663e8840adaf45af01eab5c627a5af81807/out/vs/workbench/api/node/extensionHostProcess.js:29:746)
	at P.fire (file:///home/florez/.vscode-server/bin/e8653663e8840adaf45af01eab5c627a5af81807/out/vs/workbench/api/node/extensionHostProcess.js:29:964)
	at j5.acceptChunk (file:///home/florez/.vscode-server/bin/e8653663e8840adaf45af01eab5c627a5af81807/out/vs/workbench/api/node/extensionHostProcess.js:31:7940)
	at mh.value (file:///home/florez/.vscode-server/bin/e8653663e8840adaf45af01eab5c627a5af81807/out/vs/workbench/api/node/extensionHostProcess.js:31:7226)
	at P.B (file:///home/florez/.vscode-server/bin/e8653663e8840adaf45af01eab5c627a5af81807/out/vs/workbench/api/node/extensionHostProcess.js:29:746)
	at P.fire (file:///home/florez/.vscode-server/bin/e8653663e8840adaf45af01eab5c627a5af81807/out/vs/workbench/api/node/extensionHostProcess.js:29:964)
	at V2.z (file:///home/florez/.vscode-server/bin/e8653663e8840adaf45af01eab5c627a5af81807/out/vs/workbench/api/node/extensionHostProcess.js:31:21944)
	at V2.acceptFrame (file:///home/florez/.vscode-server/bin/e8653663e8840adaf45af01eab5c627a5af81807/out/vs/workbench/api/node/extensionHostProcess.js:31:21750)
	at W2.n (file:///home/florez/.vscode-server/bin/e8653663e8840adaf45af01eab5c627a5af81807/out/vs/workbench/api/node/extensionHostProcess.js:31:20278)
	at file:///home/florez/.vscode-server/bin/e8653663e8840adaf45af01eab5c627a5af81807/out/vs/workbench/api/node/extensionHostProcess.js:31:17510
	at Socket.t (file:///home/florez/.vscode-server/bin/e8653663e8840adaf45af01eab5c627a5af81807/out/vs/workbench/api/node/extensionHostProcess.js:31:15451)
	at Socket.emit (node:events:519:28)
	at addChunk (node:internal/streams/readable:559:12)
	at readableAddChunkPushByteMode (node:internal/streams/readable:510:3)
	at Readable.push (node:internal/streams/readable:390:5)
	at TCP.onStreamRead (node:internal/stream_base_commons:191:23) setContext undefined
2024-11-16 21:08:49.079 [info] Extension host with pid 8653 exiting with code 0
